Copyright 1986-2018 Xilinx, Inc. All Rights Reserved.
-------------------------------------------------------------------------------------
| Tool Version : Vivado v.2018.2 (win64) Build 2258646 Thu Jun 14 20:03:12 MDT 2018
| Date         : Sat Apr  8 16:29:56 2023
| Host         : LAPTOP-2C5C2MOC running 64-bit major release  (build 9200)
| Command      : report_control_sets -verbose -file Slow_Clk_control_sets_placed.rpt
| Design       : Slow_Clk
| Device       : xc7a35t
-------------------------------------------------------------------------------------

Control Set Information

Table of Contents
-----------------
1. Summary
2. Histogram
3. Flip-Flop Distribution
4. Detailed Control Set Information

1. Summary
----------

+----------------------------------------------------------+-------+
|                          Status                          | Count |
+----------------------------------------------------------+-------+
| Number of unique control sets                            |     3 |
| Unused register locations in slices containing registers |    12 |
+----------------------------------------------------------+-------+


2. Histogram
------------

+--------+--------------+
| Fanout | Control Sets |
+--------+--------------+
|      2 |            1 |
|      4 |            1 |
|    16+ |            1 |
+--------+--------------+


3. Flip-Flop Distribution
-------------------------

+--------------+-----------------------+------------------------+-----------------+--------------+
| Clock Enable | Synchronous Set/Reset | Asynchronous Set/Reset | Total Registers | Total Slices |
+--------------+-----------------------+------------------------+-----------------+--------------+
| No           | No                    | No                     |               4 |            1 |
| No           | No                    | Yes                    |               0 |            0 |
| No           | Yes                   | No                     |              62 |            8 |
| Yes          | No                    | No                     |               2 |            1 |
| Yes          | No                    | Yes                    |               0 |            0 |
| Yes          | Yes                   | No                     |               0 |            0 |
+--------------+-----------------------+------------------------+-----------------+--------------+


4. Detailed Control Set Information
-----------------------------------

+-------------------+-------------------+-------------------+------------------+----------------+
|    Clock Signal   |   Enable Signal   |  Set/Reset Signal | Slice Load Count | Bel Load Count |
+-------------------+-------------------+-------------------+------------------+----------------+
|  Clk_in_IBUF_BUFG | count[31]_i_1_n_0 |                   |                1 |              2 |
|  Clk_in_IBUF_BUFG |                   |                   |                1 |              4 |
|  Clk_in_IBUF_BUFG |                   | count[31]_i_1_n_0 |                8 |             62 |
+-------------------+-------------------+-------------------+------------------+----------------+


